[2017-10-30 23:16:52][WHMCS Installer] DEBUG: Installer bootstrapped []
[2017-10-30 23:17:03][WHMCS Installer] DEBUG: Installer bootstrapped []
[2017-10-30 23:17:03][WHMCS Installer] INFO: Previous install detected []
[2017-10-30 23:17:03][WHMCS Installer] DEBUG: An upgrade from 5.3.9-release.1 to 7.2.3-release.1 will be attempted. []
[2017-10-30 23:17:30][WHMCS Installer] DEBUG: Installer bootstrapped []
[2017-10-30 23:17:30][WHMCS Installer] INFO: Applying incremental updates to existing installation []
[2017-10-30 23:17:30][WHMCS Installer] INFO: Applying Updates for 5.3.12-release.1 []
[2017-10-30 23:17:31][WHMCS Installer] INFO: Removing any obsolete file and directories []
[2017-10-30 23:17:31][WHMCS Installer] INFO: Applying Updates for 6.0.0-alpha.1 []
[2017-10-30 23:19:48][WHMCS Installer] INFO: Performing Update Action: removeDuplicateSettings []
[2017-10-30 23:19:48][WHMCS Installer] INFO: Performing Update Action: convertMailTemplateBooleanColumns []
[2017-10-30 23:19:48][WHMCS Installer] INFO: Performing Update Action: convertClientUnixTimestampColumns []
[2017-10-30 23:19:48][WHMCS Installer] INFO: Performing Update Action: convertClientBooleanColumns []
[2017-10-30 23:19:49][WHMCS Installer] INFO: Performing Update Action: convertDomainBooleanColumns []
[2017-10-30 23:19:49][WHMCS Installer] INFO: Performing Update Action: convertProductBooleanColumns []
[2017-10-30 23:19:49][WHMCS Installer] INFO: Performing Update Action: convertProductGroupBooleanColumns []
[2017-10-30 23:19:49][WHMCS Installer] INFO: Performing Update Action: convertDownloadBooleanColumns []
[2017-10-30 23:19:49][WHMCS Installer] INFO: Performing Update Action: convertDownloadCategoryBooleanColumns []
[2017-10-30 23:19:49][WHMCS Installer] INFO: Performing Update Action: migrateProductDownloadIdsToItsTable []
[2017-10-30 23:19:49][WHMCS Installer] INFO: Performing Update Action: migrateProductUpgradeIdsToItsTable []
[2017-10-30 23:19:50][WHMCS Installer] INFO: Performing Update Action: convertServiceBooleanColumns []
[2017-10-30 23:19:50][WHMCS Installer] INFO: Performing Update Action: convertAnnouncementBooleanColumns []
[2017-10-30 23:19:50][WHMCS Installer] INFO: Performing Update Action: updateAdminUserForAutoReleaseModule []
[2017-10-30 23:19:50][WHMCS Installer] INFO: Performing Update Action: createServiceUnsuspendedEmailTemplate []
[2017-10-30 23:19:50][WHMCS Installer] INFO: Performing Update Action: addManualUpgradeRequiredEmailTemplate []
[2017-10-30 23:19:50][WHMCS Installer] INFO: Performing Update Action: convertNoMD5Passwords []
[2017-10-30 23:19:50][WHMCS Installer] INFO: Performing Update Action: populateTopLevelDomainsAndCategories []
[2017-10-30 23:19:59][WHMCS Installer] DEBUG: Installer bootstrapped []
[2017-10-30 23:19:59][WHMCS Installer] INFO: Applying incremental updates to existing installation []
[2017-10-30 23:19:59][WHMCS Installer] INFO: Applying Updates for 6.0.0-alpha.1 []
[2017-10-30 23:19:59][WHMCS Installer] ERROR: Unable to complete incremental updates: Unable to import the 6.0.0 Alpha1 database file. Unable to import /home/runcloud/webapps/web-giweb/clientes/resources/sql/upgrade600alpha1.sql: SQLSTATE[42S01]: Base table or view already exists: 1050 Table 'tblupdatehistory' already exists []
[2017-10-30 23:19:59][WHMCS Installer] ERROR: Upgrade process terminated due to error. []
[2017-10-30 23:21:10][WHMCS Installer] DEBUG: Installer bootstrapped []
[2017-10-30 23:21:10][WHMCS Installer] INFO: Applying incremental updates to existing installation []
[2017-10-30 23:21:10][WHMCS Installer] INFO: Applying Updates for 6.0.0-alpha.1 []
[2017-10-30 23:21:10][WHMCS Installer] ERROR: Unable to complete incremental updates: Unable to import the 6.0.0 Alpha1 database file. Unable to import /home/runcloud/webapps/web-giweb/clientes/resources/sql/upgrade600alpha1.sql: SQLSTATE[42S01]: Base table or view already exists: 1050 Table 'tblupdatehistory' already exists []
[2017-10-30 23:21:10][WHMCS Installer] ERROR: Upgrade process terminated due to error. []
[2017-10-30 23:55:06][WHMCS Installer] DEBUG: Installer bootstrapped []
[2017-10-30 23:55:23][WHMCS Installer] DEBUG: Installer bootstrapped []
[2017-10-30 23:55:23][WHMCS Installer] INFO: Previous install detected []
[2017-10-30 23:55:23][WHMCS Installer] DEBUG: An upgrade from 5.3.9-release.1 to 7.2.3-release.1 will be attempted. []
[2017-10-30 23:55:56][WHMCS Installer] DEBUG: Installer bootstrapped []
[2017-10-30 23:55:56][WHMCS Installer] INFO: Applying incremental updates to existing installation []
[2017-10-30 23:55:56][WHMCS Installer] INFO: Applying Updates for 5.3.12-release.1 []
[2017-10-30 23:55:57][WHMCS Installer] INFO: Removing any obsolete file and directories []
[2017-10-30 23:55:57][WHMCS Installer] INFO: Applying Updates for 6.0.0-alpha.1 []
[2017-10-30 23:58:17][WHMCS Installer] INFO: Performing Update Action: removeDuplicateSettings []
[2017-10-30 23:58:17][WHMCS Installer] INFO: Performing Update Action: convertMailTemplateBooleanColumns []
[2017-10-30 23:58:17][WHMCS Installer] INFO: Performing Update Action: convertClientUnixTimestampColumns []
[2017-10-30 23:58:17][WHMCS Installer] INFO: Performing Update Action: convertClientBooleanColumns []
[2017-10-30 23:58:18][WHMCS Installer] INFO: Performing Update Action: convertDomainBooleanColumns []
[2017-10-30 23:58:18][WHMCS Installer] INFO: Performing Update Action: convertProductBooleanColumns []
[2017-10-30 23:58:18][WHMCS Installer] INFO: Performing Update Action: convertProductGroupBooleanColumns []
[2017-10-30 23:58:18][WHMCS Installer] INFO: Performing Update Action: convertDownloadBooleanColumns []
[2017-10-30 23:58:18][WHMCS Installer] INFO: Performing Update Action: convertDownloadCategoryBooleanColumns []
[2017-10-30 23:58:18][WHMCS Installer] INFO: Performing Update Action: migrateProductDownloadIdsToItsTable []
[2017-10-30 23:58:18][WHMCS Installer] INFO: Performing Update Action: migrateProductUpgradeIdsToItsTable []
[2017-10-30 23:58:18][WHMCS Installer] INFO: Performing Update Action: convertServiceBooleanColumns []
[2017-10-30 23:58:18][WHMCS Installer] INFO: Performing Update Action: convertAnnouncementBooleanColumns []
[2017-10-30 23:58:18][WHMCS Installer] INFO: Performing Update Action: updateAdminUserForAutoReleaseModule []
[2017-10-30 23:58:18][WHMCS Installer] INFO: Performing Update Action: createServiceUnsuspendedEmailTemplate []
[2017-10-30 23:58:18][WHMCS Installer] INFO: Performing Update Action: addManualUpgradeRequiredEmailTemplate []
[2017-10-30 23:58:18][WHMCS Installer] INFO: Performing Update Action: convertNoMD5Passwords []
[2017-10-30 23:58:18][WHMCS Installer] INFO: Performing Update Action: populateTopLevelDomainsAndCategories []
[2017-10-30 23:59:37][WHMCS Installer] INFO: Performing Update Action: migrateDiscontinuedOrderFormTemplates []
[2017-10-30 23:59:37][WHMCS Installer] INFO: Performing Update Action: migrateDiscontinuedAdminOriginalTemplate []
[2017-10-30 23:59:37][WHMCS Installer] INFO: Performing Update Action: convertContactUnixTimestampColumns []
[2017-10-30 23:59:37][WHMCS Installer] INFO: Removing any obsolete file and directories []
[2017-10-30 23:59:37][WHMCS Installer] INFO: Applying Updates for 6.0.0-beta.1 []
[2017-10-30 23:59:37][WHMCS Installer] INFO: Removing any obsolete file and directories []
[2017-10-30 23:59:37][WHMCS Installer] INFO: Applying Updates for 6.0.0-beta.2 []
[2017-10-30 23:59:37][WHMCS Installer] INFO: Removing any obsolete file and directories []
[2017-10-30 23:59:37][WHMCS Installer] INFO: Applying Updates for 6.0.0-beta.3 []
[2017-10-30 23:59:37][WHMCS Installer] INFO: Removing any obsolete file and directories []
[2017-10-30 23:59:37][WHMCS Installer] INFO: Applying Updates for 6.0.0-beta.4 []
[2017-10-30 23:59:37][WHMCS Installer] INFO: Performing Update Action: updateExpiredDomainNoticeTemplate []
[2017-10-30 23:59:37][WHMCS Installer] INFO: Performing Update Action: adjustAffiliatePayoutDefault []
[2017-10-30 23:59:37][WHMCS Installer] INFO: Removing any obsolete file and directories []
[2017-10-30 23:59:37][WHMCS Installer] INFO: Applying Updates for 6.0.0-beta.5 []
[2017-10-30 23:59:37][WHMCS Installer] INFO: Removing any obsolete file and directories []
[2017-10-30 23:59:37][WHMCS Installer] INFO: Applying Updates for 6.0.0-rc.1 []
[2017-10-30 23:59:37][WHMCS Installer] INFO: Removing any obsolete file and directories []
[2017-10-30 23:59:37][WHMCS Installer] INFO: Applying Updates for 6.0.0-rc.2 []
[2017-10-30 23:59:37][WHMCS Installer] INFO: Removing any obsolete file and directories []
[2017-10-30 23:59:37][WHMCS Installer] INFO: Applying Updates for 6.0.0-rc.3 []
[2017-10-30 23:59:37][WHMCS Installer] INFO: Removing any obsolete file and directories []
[2017-10-30 23:59:37][WHMCS Installer] INFO: Applying Updates for 6.0.0-release.1 []
[2017-10-30 23:59:37][WHMCS Installer] INFO: Removing any obsolete file and directories []
[2017-10-30 23:59:37][WHMCS Installer] INFO: Applying Updates for 6.0.1-release.1 []
[2017-10-30 23:59:37][WHMCS Installer] INFO: Performing Update Action: migrateFixedInvoiceDataAddon []
[2017-10-30 23:59:37][WHMCS Installer] INFO: Removing any obsolete file and directories []
[2017-10-30 23:59:37][WHMCS Installer] INFO: Applying Updates for 6.0.2-release.1 []
[2017-10-30 23:59:37][WHMCS Installer] INFO: Removing any obsolete file and directories []
[2017-10-30 23:59:37][WHMCS Installer] INFO: Applying Updates for 6.1.0-alpha.1 []
[2017-10-30 23:59:38][WHMCS Installer] INFO: Performing Update Action: migrateMaxMindIgnoreCity []
[2017-10-30 23:59:38][WHMCS Installer] INFO: Performing Update Action: moveAttachmentsProjectsFiles []
[2017-10-30 23:59:38][WHMCS Installer] INFO: Performing Update Action: detectCronRunForHealthAndUpdates []
[2017-10-30 23:59:45][WHMCS Installer] INFO: Removing any obsolete file and directories []
[2017-10-30 23:59:45][WHMCS Installer] INFO: Applying Updates for 6.1.0-rc.1 []
[2017-10-30 23:59:45][WHMCS Installer] INFO: Removing any obsolete file and directories []
[2017-10-30 23:59:45][WHMCS Installer] INFO: Applying Updates for 6.1.0-release.1 []
[2017-10-30 23:59:45][WHMCS Installer] INFO: Removing any obsolete file and directories []
[2017-10-30 23:59:45][WHMCS Installer] INFO: Applying Updates for 6.1.1-release.1 []
[2017-10-30 23:59:45][WHMCS Installer] INFO: Removing any obsolete file and directories []
[2017-10-30 23:59:45][WHMCS Installer] INFO: Applying Updates for 6.2.0-alpha.1 []
[2017-10-30 23:59:48][WHMCS Installer] INFO: Performing Update Action: createUuidColumnsIfNecessary []
[2017-10-30 23:59:48][WHMCS Installer] INFO: Performing Update Action: createUuids []
[2017-10-30 23:59:48][WHMCS Installer] INFO: Removing any obsolete file and directories []
[2017-10-30 23:59:48][WHMCS Installer] INFO: Applying Updates for 6.2.0-rc.1 []
[2017-10-30 23:59:48][WHMCS Installer] INFO: Removing any obsolete file and directories []
[2017-10-30 23:59:48][WHMCS Installer] INFO: Applying Updates for 6.2.0-release.1 []
[2017-10-30 23:59:48][WHMCS Installer] INFO: Removing any obsolete file and directories []
[2017-10-30 23:59:48][WHMCS Installer] INFO: Applying Updates for 6.2.1-release.1 []
[2017-10-30 23:59:48][WHMCS Installer] INFO: Removing any obsolete file and directories []
[2017-10-30 23:59:48][WHMCS Installer] INFO: Applying Updates for 6.2.2-release.1 []
[2017-10-30 23:59:48][WHMCS Installer] INFO: Removing any obsolete file and directories []
[2017-10-30 23:59:48][WHMCS Installer] INFO: Applying Updates for 6.3.0-alpha.1 []
[2017-10-30 23:59:50][WHMCS Installer] INFO: Performing Update Action: migrateOpenIDValues []
[2017-10-30 23:59:50][WHMCS Installer] INFO: Performing Update Action: createTicketNotificationEmail []
[2017-10-30 23:59:50][WHMCS Installer] INFO: Removing any obsolete file and directories []
[2017-10-30 23:59:50][WHMCS Installer] INFO: Applying Updates for 6.3.0-rc.1 []
[2017-10-30 23:59:51][WHMCS Installer] INFO: Performing Update Action: insertUpgradeTimeForMDE []
[2017-10-30 23:59:51][WHMCS Installer] INFO: Removing any obsolete file and directories []
[2017-10-30 23:59:51][WHMCS Installer] INFO: Applying Updates for 6.3.0-release.1 []
[2017-10-30 23:59:51][WHMCS Installer] INFO: Performing Update Action: newEmailHeader []
[2017-10-30 23:59:51][WHMCS Installer] INFO: Performing Update Action: newEmailCss []
[2017-10-30 23:59:51][WHMCS Installer] INFO: Performing Update Action: newEmailFooter []
[2017-10-30 23:59:51][WHMCS Installer] INFO: Performing Update Action: updateCreateTicketNotificationEmail []
[2017-10-30 23:59:51][WHMCS Installer] INFO: Performing Update Action: removeOldAdminSupportEmailTemplates []
[2017-10-30 23:59:51][WHMCS Installer] INFO: Removing any obsolete file and directories []
[2017-10-30 23:59:51][WHMCS Installer] INFO: Applying Updates for 6.3.1-release.1 []
[2017-10-30 23:59:51][WHMCS Installer] INFO: Removing any obsolete file and directories []
[2017-10-30 23:59:51][WHMCS Installer] INFO: Applying Updates for 7.0.0-alpha.1 []
[2017-10-30 23:59:51][WHMCS Installer] INFO: Removing any obsolete file and directories []
[2017-10-30 23:59:51][WHMCS Installer] INFO: Applying Updates for 7.0.0-alpha.5 []
[2017-10-30 23:59:51][WHMCS Installer] INFO: Performing Update Action: updateEnomDomainLookupProviderSetting []
[2017-10-30 23:59:51][WHMCS Installer] INFO: Performing Update Action: removeToggleInfoPopup []
[2017-10-30 23:59:51][WHMCS Installer] INFO: Performing Update Action: disableSetupWizardForUpgrades []
[2017-10-30 23:59:51][WHMCS Installer] INFO: Removing any obsolete file and directories []
[2017-10-30 23:59:51][WHMCS Installer] INFO: Applying Updates for 7.0.0-beta.1 []
[2017-10-30 23:59:51][WHMCS Installer] INFO: Performing Update Action: removeLegacyClassLocations []
[2017-10-30 23:59:51][WHMCS Installer] INFO: Removing any obsolete file and directories []
[2017-10-30 23:59:51][WHMCS Installer] INFO: Applying Updates for 7.0.0-beta.2 []
[2017-10-30 23:59:51][WHMCS Installer] INFO: Performing Update Action: migrateSystemSslUrl []
[2017-10-30 23:59:51][WHMCS Installer] INFO: Performing Update Action: decodeEmailTemplates []
[2017-10-30 23:59:51][WHMCS Installer] INFO: Removing any obsolete file and directories []
[2017-10-30 23:59:51][WHMCS Installer] INFO: Applying Updates for 7.0.0-rc.1 []
[2017-10-30 23:59:51][WHMCS Installer] INFO: Performing Update Action: setDefaultUpdateDetails []
[2017-10-30 23:59:51][WHMCS Installer] INFO: Performing Update Action: setDefaultDailyCronInvocationHour []
[2017-10-30 23:59:51][WHMCS Installer] INFO: Removing any obsolete file and directories []
[2017-10-30 23:59:51][WHMCS Installer] INFO: Applying Updates for 7.0.0-release.1 []
[2017-10-30 23:59:51][WHMCS Installer] INFO: Performing Update Action: mutateDailyCronConfigurations []
[2017-10-30 23:59:51][WHMCS Installer] INFO: Removing any obsolete file and directories []
[2017-10-30 23:59:51][WHMCS Installer] INFO: Applying Updates for 7.0.1-release.1 []
[2017-10-30 23:59:51][WHMCS Installer] INFO: Performing Update Action: removeAdminForceSSLSetting []
[2017-10-30 23:59:51][WHMCS Installer] INFO: Removing any obsolete file and directories []
[2017-10-30 23:59:51][WHMCS Installer] INFO: Applying Updates for 7.1.0-alpha.1 []
[2017-10-30 23:59:52][WHMCS Installer] INFO: Performing Update Action: addAdminPasswordResetVerificationEmailTemplate []
[2017-10-30 23:59:52][WHMCS Installer] INFO: Performing Update Action: addAdminPasswordResetConfirmationEmailTemplate []
[2017-10-30 23:59:52][WHMCS Installer] INFO: Removing any obsolete file and directories []
[2017-10-30 23:59:52][WHMCS Installer] INFO: Applying Updates for 7.1.0-beta.1 []
[2017-10-30 23:59:53][WHMCS Installer] INFO: Performing Update Action: updateCronTasksNextDue []
[2017-10-30 23:59:54][WHMCS Installer] INFO: Performing Update Action: migrateLookupProviderSettings []
[2017-10-30 23:59:54][WHMCS Installer] INFO: Performing Update Action: removeLegacyAdminWidgets []
[2017-10-30 23:59:54][WHMCS Installer] INFO: Removing any obsolete file and directories []
[2017-10-30 23:59:54][WHMCS Installer] INFO: Applying Updates for 7.1.0-rc.1 []
[2017-10-30 23:59:54][WHMCS Installer] INFO: Removing any obsolete file and directories []
[2017-10-30 23:59:54][WHMCS Installer] INFO: Applying Updates for 7.1.0-release.1 []
[2017-10-30 23:59:54][WHMCS Installer] INFO: Removing any obsolete file and directories []
[2017-10-30 23:59:54][WHMCS Installer] INFO: Applying Updates for 7.1.1-release.1 []
[2017-10-30 23:59:54][WHMCS Installer] INFO: Removing any obsolete file and directories []
[2017-10-30 23:59:54][WHMCS Installer] INFO: Applying Updates for 7.1.2-release.1 []
[2017-10-30 23:59:54][WHMCS Installer] INFO: Performing Update Action: updateEmailTemplatesToCorrectPropagatedSpelling []
[2017-10-30 23:59:54][WHMCS Installer] INFO: Removing any obsolete file and directories []
[2017-10-30 23:59:54][WHMCS Installer] INFO: Applying Updates for 7.2.0-alpha.1 []
[2017-10-30 23:59:55][WHMCS Installer] INFO: Performing Update Action: convertAddonsBooleanColumns []
[2017-10-30 23:59:55][WHMCS Installer] INFO: Performing Update Action: populateClientIdInHostingAddons []
[2017-10-30 23:59:55][WHMCS Installer] INFO: Performing Update Action: relabelQuoteAcceptedNotificationEmailTemplate []
[2017-10-30 23:59:55][WHMCS Installer] INFO: Performing Update Action: updateWhmcsUrlInClientSignUpEmailToBeALink []
[2017-10-30 23:59:55][WHMCS Installer] INFO: Performing Update Action: updateWhmcsUrlInDomainRegistrationConfirmationEmailToBeALink []
[2017-10-30 23:59:55][WHMCS Installer] INFO: Performing Update Action: updateWhmcsUrlInDedicatedVPSWelcomeEmailToBeALink []
[2017-10-30 23:59:55][WHMCS Installer] INFO: Performing Update Action: updateWhmcsUrlInDomainTransferInitiatedEmailToBeALink []
[2017-10-30 23:59:55][WHMCS Installer] INFO: Performing Update Action: updateWhmcsUrlInDomainRenewalConfirmationEmailToBeALink []
[2017-10-30 23:59:55][WHMCS Installer] INFO: Performing Update Action: updateWhmcsUrlInCreditCardExpiringSoonEmailToBeALink []
[2017-10-30 23:59:55][WHMCS Installer] INFO: Performing Update Action: addViewFeatureHighlightsPermission []
[2017-10-30 23:59:55][WHMCS Installer] INFO: Performing Update Action: addManageMarketPlacePermission []
[2017-10-30 23:59:55][WHMCS Installer] INFO: Performing Update Action: addConfigureTicketEscalationsPermissionsToConfigureSupportDepartments []
[2017-10-30 23:59:55][WHMCS Installer] INFO: Performing Update Action: createDirectDebitPaymentFailedEmailTemplate []
[2017-10-30 23:59:55][WHMCS Installer] INFO: Performing Update Action: createDirectDebitPaymentConfirmationEmailTemplate []
[2017-10-30 23:59:55][WHMCS Installer] INFO: Performing Update Action: createDirectDebitPaymentPendingEmailTemplate []
[2017-10-30 23:59:55][WHMCS Installer] INFO: Performing Update Action: createCreditCardPaymentPendingEmailTemplate []
[2017-10-30 23:59:55][WHMCS Installer] INFO: Performing Update Action: createPaymentReversedNotificationEmailTemplate []
[2017-10-30 23:59:55][WHMCS Installer] INFO: Performing Update Action: createSpamExpertsWelcomeEmailTemplate []
[2017-10-30 23:59:55][WHMCS Installer] INFO: Performing Update Action: createWeeblyWelcomeEmailTemplate []
[2017-10-30 23:59:55][WHMCS Installer] INFO: Performing Update Action: conditionallyCreateHtaccessFile []
[2017-10-30 23:59:55][WHMCS Installer] INFO: Performing Update Action: detectAndSetUriPathMode []
[2017-10-30 23:59:56][WHMCS Installer] INFO: Performing Update Action: createSslConfigurationRequiredEmailTemplate []
[2017-10-30 23:59:56][WHMCS Installer] INFO: Removing any obsolete file and directories []
[2017-10-30 23:59:56][WHMCS Installer] INFO: Applying Updates for 7.2.0-beta.1 []
[2017-10-30 23:59:56][WHMCS Installer] INFO: Removing any obsolete file and directories []
[2017-10-30 23:59:56][WHMCS Installer] INFO: Applying Updates for 7.2.0-beta.2 []
[2017-10-30 23:59:56][WHMCS Installer] INFO: Performing Update Action: addPaymentReversalChangeSettings []
[2017-10-30 23:59:56][WHMCS Installer] INFO: Removing any obsolete file and directories []
[2017-10-30 23:59:56][WHMCS Installer] INFO: Applying Updates for 7.2.0-beta.3 []
[2017-10-30 23:59:56][WHMCS Installer] INFO: Performing Update Action: addMissingDotToSubDomainProductOptions []
[2017-10-30 23:59:56][WHMCS Installer] INFO: Performing Update Action: addAddonIdFieldToModLicensingIfLicensingAddonEnabled []
[2017-10-30 23:59:56][WHMCS Installer] INFO: Performing Update Action: addAutoLinkCriteriaToMarketConnectAddons []
[2017-10-30 23:59:56][WHMCS Installer] INFO: Removing any obsolete file and directories []
[2017-10-30 23:59:56][WHMCS Installer] INFO: Applying Updates for 7.2.0-rc.1 []
[2017-10-30 23:59:56][WHMCS Installer] INFO: Performing Update Action: addSystemURLIfNotDefined []
[2017-10-30 23:59:56][WHMCS Installer] INFO: Removing any obsolete file and directories []
[2017-10-30 23:59:56][WHMCS Installer] INFO: Applying Updates for 7.2.0-release.1 []
[2017-10-30 23:59:56][WHMCS Installer] INFO: Performing Update Action: renameClientIdToUseridInTblHostingAddons []
[2017-10-30 23:59:56][WHMCS Installer] INFO: Removing any obsolete file and directories []
[2017-10-30 23:59:56][WHMCS Installer] INFO: Applying Updates for 7.2.1-release.1 []
[2017-10-30 23:59:56][WHMCS Installer] INFO: Removing any obsolete file and directories []
[2017-10-30 23:59:56][WHMCS Installer] INFO: Applying Updates for 7.2.2-release.1 []
[2017-10-30 23:59:56][WHMCS Installer] INFO: Removing any obsolete file and directories []
[2017-10-30 23:59:56][WHMCS Installer] INFO: Applying Updates for 7.2.3-release.1 []
[2017-10-30 23:59:56][WHMCS Installer] INFO: Performing Update Action: addGrTld []
[2017-10-30 23:59:56][WHMCS Installer] INFO: Removing any obsolete file and directories []
[2017-10-30 23:59:56][WHMCS Installer] INFO: Upgrade process completed. []
[2017-10-31 00:00:52][WHMCS Installer] DEBUG: Installer bootstrapped []
[2017-10-31 00:01:00][WHMCS Installer] DEBUG: Installer bootstrapped []
[2017-10-31 00:01:00][WHMCS Installer] INFO: Previous install detected []
[2017-10-31 00:01:00][WHMCS Installer] DEBUG: Installation is already up to date []
[2017-10-31 00:01:44][WHMCS Installer] DEBUG: Installer bootstrapped []
[2017-10-31 00:01:47][WHMCS Installer] DEBUG: Installer bootstrapped []
[2017-10-31 00:01:47][WHMCS Installer] INFO: Previous install detected []
[2017-10-31 00:01:47][WHMCS Installer] DEBUG: Installation is already up to date []
[2017-10-31 00:10:20][WHMCS Installer] DEBUG: Installer bootstrapped []
[2017-10-31 00:10:25][WHMCS Installer] DEBUG: Installer bootstrapped []
[2017-10-31 00:10:25][WHMCS Installer] INFO: Previous install detected []
[2017-10-31 00:10:25][WHMCS Installer] DEBUG: An upgrade from 5.3.9-release.1 to 7.2.3-release.1 will be attempted. []
[2017-10-31 00:10:31][WHMCS Installer] DEBUG: Installer bootstrapped []
[2017-10-31 00:10:31][WHMCS Installer] INFO: Applying incremental updates to existing installation []
[2017-10-31 00:10:31][WHMCS Installer] INFO: Applying Updates for 5.3.12-release.1 []
[2017-10-31 00:10:32][WHMCS Installer] INFO: Removing any obsolete file and directories []
[2017-10-31 00:10:32][WHMCS Installer] INFO: Applying Updates for 6.0.0-alpha.1 []
[2017-10-31 00:12:47][WHMCS Installer] INFO: Performing Update Action: removeDuplicateSettings []
[2017-10-31 00:12:47][WHMCS Installer] INFO: Performing Update Action: convertMailTemplateBooleanColumns []
[2017-10-31 00:12:47][WHMCS Installer] INFO: Performing Update Action: convertClientUnixTimestampColumns []
[2017-10-31 00:12:47][WHMCS Installer] INFO: Performing Update Action: convertClientBooleanColumns []
[2017-10-31 00:12:48][WHMCS Installer] INFO: Performing Update Action: convertDomainBooleanColumns []
[2017-10-31 00:12:48][WHMCS Installer] INFO: Performing Update Action: convertProductBooleanColumns []
[2017-10-31 00:12:48][WHMCS Installer] INFO: Performing Update Action: convertProductGroupBooleanColumns []
[2017-10-31 00:12:48][WHMCS Installer] INFO: Performing Update Action: convertDownloadBooleanColumns []
[2017-10-31 00:12:48][WHMCS Installer] INFO: Performing Update Action: convertDownloadCategoryBooleanColumns []
[2017-10-31 00:12:49][WHMCS Installer] INFO: Performing Update Action: migrateProductDownloadIdsToItsTable []
[2017-10-31 00:12:49][WHMCS Installer] INFO: Performing Update Action: migrateProductUpgradeIdsToItsTable []
[2017-10-31 00:12:49][WHMCS Installer] INFO: Performing Update Action: convertServiceBooleanColumns []
[2017-10-31 00:12:49][WHMCS Installer] INFO: Performing Update Action: convertAnnouncementBooleanColumns []
[2017-10-31 00:12:49][WHMCS Installer] INFO: Performing Update Action: updateAdminUserForAutoReleaseModule []
[2017-10-31 00:12:49][WHMCS Installer] INFO: Performing Update Action: createServiceUnsuspendedEmailTemplate []
[2017-10-31 00:12:49][WHMCS Installer] INFO: Performing Update Action: addManualUpgradeRequiredEmailTemplate []
[2017-10-31 00:12:49][WHMCS Installer] INFO: Performing Update Action: convertNoMD5Passwords []
[2017-10-31 00:12:49][WHMCS Installer] INFO: Performing Update Action: populateTopLevelDomainsAndCategories []
[2017-10-31 00:14:08][WHMCS Installer] INFO: Performing Update Action: migrateDiscontinuedOrderFormTemplates []
[2017-10-31 00:14:08][WHMCS Installer] INFO: Performing Update Action: migrateDiscontinuedAdminOriginalTemplate []
[2017-10-31 00:14:08][WHMCS Installer] INFO: Performing Update Action: convertContactUnixTimestampColumns []
[2017-10-31 00:14:09][WHMCS Installer] INFO: Removing any obsolete file and directories []
[2017-10-31 00:14:09][WHMCS Installer] INFO: Applying Updates for 6.0.0-beta.1 []
[2017-10-31 00:14:09][WHMCS Installer] INFO: Removing any obsolete file and directories []
[2017-10-31 00:14:09][WHMCS Installer] INFO: Applying Updates for 6.0.0-beta.2 []
[2017-10-31 00:14:09][WHMCS Installer] INFO: Removing any obsolete file and directories []
[2017-10-31 00:14:09][WHMCS Installer] INFO: Applying Updates for 6.0.0-beta.3 []
[2017-10-31 00:14:09][WHMCS Installer] INFO: Removing any obsolete file and directories []
[2017-10-31 00:14:09][WHMCS Installer] INFO: Applying Updates for 6.0.0-beta.4 []
[2017-10-31 00:14:09][WHMCS Installer] INFO: Performing Update Action: updateExpiredDomainNoticeTemplate []
[2017-10-31 00:14:09][WHMCS Installer] INFO: Performing Update Action: adjustAffiliatePayoutDefault []
[2017-10-31 00:14:09][WHMCS Installer] INFO: Removing any obsolete file and directories []
[2017-10-31 00:14:09][WHMCS Installer] INFO: Applying Updates for 6.0.0-beta.5 []
[2017-10-31 00:14:09][WHMCS Installer] INFO: Removing any obsolete file and directories []
[2017-10-31 00:14:09][WHMCS Installer] INFO: Applying Updates for 6.0.0-rc.1 []
[2017-10-31 00:14:09][WHMCS Installer] INFO: Removing any obsolete file and directories []
[2017-10-31 00:14:09][WHMCS Installer] INFO: Applying Updates for 6.0.0-rc.2 []
[2017-10-31 00:14:09][WHMCS Installer] INFO: Removing any obsolete file and directories []
[2017-10-31 00:14:09][WHMCS Installer] INFO: Applying Updates for 6.0.0-rc.3 []
[2017-10-31 00:14:09][WHMCS Installer] INFO: Removing any obsolete file and directories []
[2017-10-31 00:14:09][WHMCS Installer] INFO: Applying Updates for 6.0.0-release.1 []
[2017-10-31 00:14:09][WHMCS Installer] INFO: Removing any obsolete file and directories []
[2017-10-31 00:14:09][WHMCS Installer] INFO: Applying Updates for 6.0.1-release.1 []
[2017-10-31 00:14:09][WHMCS Installer] INFO: Performing Update Action: migrateFixedInvoiceDataAddon []
[2017-10-31 00:14:09][WHMCS Installer] INFO: Removing any obsolete file and directories []
[2017-10-31 00:14:09][WHMCS Installer] INFO: Applying Updates for 6.0.2-release.1 []
[2017-10-31 00:14:09][WHMCS Installer] INFO: Removing any obsolete file and directories []
[2017-10-31 00:14:09][WHMCS Installer] INFO: Applying Updates for 6.1.0-alpha.1 []
[2017-10-31 00:14:09][WHMCS Installer] INFO: Performing Update Action: migrateMaxMindIgnoreCity []
[2017-10-31 00:14:09][WHMCS Installer] INFO: Performing Update Action: moveAttachmentsProjectsFiles []
[2017-10-31 00:14:09][WHMCS Installer] INFO: Performing Update Action: detectCronRunForHealthAndUpdates []
[2017-10-31 00:14:16][WHMCS Installer] INFO: Removing any obsolete file and directories []
[2017-10-31 00:14:16][WHMCS Installer] INFO: Applying Updates for 6.1.0-rc.1 []
[2017-10-31 00:14:16][WHMCS Installer] INFO: Removing any obsolete file and directories []
[2017-10-31 00:14:16][WHMCS Installer] INFO: Applying Updates for 6.1.0-release.1 []
[2017-10-31 00:14:16][WHMCS Installer] INFO: Removing any obsolete file and directories []
[2017-10-31 00:14:16][WHMCS Installer] INFO: Applying Updates for 6.1.1-release.1 []
[2017-10-31 00:14:16][WHMCS Installer] INFO: Removing any obsolete file and directories []
[2017-10-31 00:14:16][WHMCS Installer] INFO: Applying Updates for 6.2.0-alpha.1 []
[2017-10-31 00:14:19][WHMCS Installer] INFO: Performing Update Action: createUuidColumnsIfNecessary []
[2017-10-31 00:14:19][WHMCS Installer] INFO: Performing Update Action: createUuids []
[2017-10-31 00:14:19][WHMCS Installer] INFO: Removing any obsolete file and directories []
[2017-10-31 00:14:19][WHMCS Installer] INFO: Applying Updates for 6.2.0-rc.1 []
[2017-10-31 00:14:19][WHMCS Installer] INFO: Removing any obsolete file and directories []
[2017-10-31 00:14:19][WHMCS Installer] INFO: Applying Updates for 6.2.0-release.1 []
[2017-10-31 00:14:19][WHMCS Installer] INFO: Removing any obsolete file and directories []
[2017-10-31 00:14:19][WHMCS Installer] INFO: Applying Updates for 6.2.1-release.1 []
[2017-10-31 00:14:19][WHMCS Installer] INFO: Removing any obsolete file and directories []
[2017-10-31 00:14:19][WHMCS Installer] INFO: Applying Updates for 6.2.2-release.1 []
[2017-10-31 00:14:19][WHMCS Installer] INFO: Removing any obsolete file and directories []
[2017-10-31 00:14:19][WHMCS Installer] INFO: Applying Updates for 6.3.0-alpha.1 []
[2017-10-31 00:14:21][WHMCS Installer] INFO: Performing Update Action: migrateOpenIDValues []
[2017-10-31 00:14:21][WHMCS Installer] INFO: Performing Update Action: createTicketNotificationEmail []
[2017-10-31 00:14:21][WHMCS Installer] INFO: Removing any obsolete file and directories []
[2017-10-31 00:14:21][WHMCS Installer] INFO: Applying Updates for 6.3.0-rc.1 []
[2017-10-31 00:14:22][WHMCS Installer] INFO: Performing Update Action: insertUpgradeTimeForMDE []
[2017-10-31 00:14:22][WHMCS Installer] INFO: Removing any obsolete file and directories []
[2017-10-31 00:14:22][WHMCS Installer] INFO: Applying Updates for 6.3.0-release.1 []
[2017-10-31 00:14:22][WHMCS Installer] INFO: Performing Update Action: newEmailHeader []
[2017-10-31 00:14:22][WHMCS Installer] INFO: Performing Update Action: newEmailCss []
[2017-10-31 00:14:22][WHMCS Installer] INFO: Performing Update Action: newEmailFooter []
[2017-10-31 00:14:22][WHMCS Installer] INFO: Performing Update Action: updateCreateTicketNotificationEmail []
[2017-10-31 00:14:22][WHMCS Installer] INFO: Performing Update Action: removeOldAdminSupportEmailTemplates []
[2017-10-31 00:14:22][WHMCS Installer] INFO: Removing any obsolete file and directories []
[2017-10-31 00:14:22][WHMCS Installer] INFO: Applying Updates for 6.3.1-release.1 []
[2017-10-31 00:14:22][WHMCS Installer] INFO: Removing any obsolete file and directories []
[2017-10-31 00:14:22][WHMCS Installer] INFO: Applying Updates for 7.0.0-alpha.1 []
[2017-10-31 00:14:22][WHMCS Installer] INFO: Removing any obsolete file and directories []
[2017-10-31 00:14:22][WHMCS Installer] INFO: Applying Updates for 7.0.0-alpha.5 []
[2017-10-31 00:14:22][WHMCS Installer] INFO: Performing Update Action: updateEnomDomainLookupProviderSetting []
[2017-10-31 00:14:22][WHMCS Installer] INFO: Performing Update Action: removeToggleInfoPopup []
[2017-10-31 00:14:22][WHMCS Installer] INFO: Performing Update Action: disableSetupWizardForUpgrades []
[2017-10-31 00:14:22][WHMCS Installer] INFO: Removing any obsolete file and directories []
[2017-10-31 00:14:22][WHMCS Installer] INFO: Applying Updates for 7.0.0-beta.1 []
[2017-10-31 00:14:22][WHMCS Installer] INFO: Performing Update Action: removeLegacyClassLocations []
[2017-10-31 00:14:22][WHMCS Installer] INFO: Removing any obsolete file and directories []
[2017-10-31 00:14:22][WHMCS Installer] INFO: Applying Updates for 7.0.0-beta.2 []
[2017-10-31 00:14:22][WHMCS Installer] INFO: Performing Update Action: migrateSystemSslUrl []
[2017-10-31 00:14:22][WHMCS Installer] INFO: Performing Update Action: decodeEmailTemplates []
[2017-10-31 00:14:22][WHMCS Installer] INFO: Removing any obsolete file and directories []
[2017-10-31 00:14:22][WHMCS Installer] INFO: Applying Updates for 7.0.0-rc.1 []
[2017-10-31 00:14:22][WHMCS Installer] INFO: Performing Update Action: setDefaultUpdateDetails []
[2017-10-31 00:14:22][WHMCS Installer] INFO: Performing Update Action: setDefaultDailyCronInvocationHour []
[2017-10-31 00:14:22][WHMCS Installer] INFO: Removing any obsolete file and directories []
[2017-10-31 00:14:22][WHMCS Installer] INFO: Applying Updates for 7.0.0-release.1 []
[2017-10-31 00:14:22][WHMCS Installer] INFO: Performing Update Action: mutateDailyCronConfigurations []
[2017-10-31 00:14:22][WHMCS Installer] INFO: Removing any obsolete file and directories []
[2017-10-31 00:14:22][WHMCS Installer] INFO: Applying Updates for 7.0.1-release.1 []
[2017-10-31 00:14:22][WHMCS Installer] INFO: Performing Update Action: removeAdminForceSSLSetting []
[2017-10-31 00:14:22][WHMCS Installer] INFO: Removing any obsolete file and directories []
[2017-10-31 00:14:22][WHMCS Installer] INFO: Applying Updates for 7.1.0-alpha.1 []
[2017-10-31 00:14:24][WHMCS Installer] INFO: Performing Update Action: addAdminPasswordResetVerificationEmailTemplate []
[2017-10-31 00:14:24][WHMCS Installer] INFO: Performing Update Action: addAdminPasswordResetConfirmationEmailTemplate []
[2017-10-31 00:14:24][WHMCS Installer] INFO: Removing any obsolete file and directories []
[2017-10-31 00:14:24][WHMCS Installer] INFO: Applying Updates for 7.1.0-beta.1 []
[2017-10-31 00:14:24][WHMCS Installer] INFO: Performing Update Action: updateCronTasksNextDue []
[2017-10-31 00:14:25][WHMCS Installer] INFO: Performing Update Action: migrateLookupProviderSettings []
[2017-10-31 00:14:25][WHMCS Installer] INFO: Performing Update Action: removeLegacyAdminWidgets []
[2017-10-31 00:14:25][WHMCS Installer] INFO: Removing any obsolete file and directories []
[2017-10-31 00:14:25][WHMCS Installer] INFO: Applying Updates for 7.1.0-rc.1 []
[2017-10-31 00:14:25][WHMCS Installer] INFO: Removing any obsolete file and directories []
[2017-10-31 00:14:25][WHMCS Installer] INFO: Applying Updates for 7.1.0-release.1 []
[2017-10-31 00:14:25][WHMCS Installer] INFO: Removing any obsolete file and directories []
[2017-10-31 00:14:25][WHMCS Installer] INFO: Applying Updates for 7.1.1-release.1 []
[2017-10-31 00:14:25][WHMCS Installer] INFO: Removing any obsolete file and directories []
[2017-10-31 00:14:25][WHMCS Installer] INFO: Applying Updates for 7.1.2-release.1 []
[2017-10-31 00:14:25][WHMCS Installer] INFO: Performing Update Action: updateEmailTemplatesToCorrectPropagatedSpelling []
[2017-10-31 00:14:25][WHMCS Installer] INFO: Removing any obsolete file and directories []
[2017-10-31 00:14:25][WHMCS Installer] INFO: Applying Updates for 7.2.0-alpha.1 []
[2017-10-31 00:14:26][WHMCS Installer] INFO: Performing Update Action: convertAddonsBooleanColumns []
[2017-10-31 00:14:26][WHMCS Installer] INFO: Performing Update Action: populateClientIdInHostingAddons []
[2017-10-31 00:14:26][WHMCS Installer] INFO: Performing Update Action: relabelQuoteAcceptedNotificationEmailTemplate []
[2017-10-31 00:14:26][WHMCS Installer] INFO: Performing Update Action: updateWhmcsUrlInClientSignUpEmailToBeALink []
[2017-10-31 00:14:26][WHMCS Installer] INFO: Performing Update Action: updateWhmcsUrlInDomainRegistrationConfirmationEmailToBeALink []
[2017-10-31 00:14:26][WHMCS Installer] INFO: Performing Update Action: updateWhmcsUrlInDedicatedVPSWelcomeEmailToBeALink []
[2017-10-31 00:14:26][WHMCS Installer] INFO: Performing Update Action: updateWhmcsUrlInDomainTransferInitiatedEmailToBeALink []
[2017-10-31 00:14:26][WHMCS Installer] INFO: Performing Update Action: updateWhmcsUrlInDomainRenewalConfirmationEmailToBeALink []
[2017-10-31 00:14:26][WHMCS Installer] INFO: Performing Update Action: updateWhmcsUrlInCreditCardExpiringSoonEmailToBeALink []
[2017-10-31 00:14:26][WHMCS Installer] INFO: Performing Update Action: addViewFeatureHighlightsPermission []
[2017-10-31 00:14:26][WHMCS Installer] INFO: Performing Update Action: addManageMarketPlacePermission []
[2017-10-31 00:14:26][WHMCS Installer] INFO: Performing Update Action: addConfigureTicketEscalationsPermissionsToConfigureSupportDepartments []
[2017-10-31 00:14:26][WHMCS Installer] INFO: Performing Update Action: createDirectDebitPaymentFailedEmailTemplate []
[2017-10-31 00:14:26][WHMCS Installer] INFO: Performing Update Action: createDirectDebitPaymentConfirmationEmailTemplate []
[2017-10-31 00:14:26][WHMCS Installer] INFO: Performing Update Action: createDirectDebitPaymentPendingEmailTemplate []
[2017-10-31 00:14:26][WHMCS Installer] INFO: Performing Update Action: createCreditCardPaymentPendingEmailTemplate []
[2017-10-31 00:14:26][WHMCS Installer] INFO: Performing Update Action: createPaymentReversedNotificationEmailTemplate []
[2017-10-31 00:14:26][WHMCS Installer] INFO: Performing Update Action: createSpamExpertsWelcomeEmailTemplate []
[2017-10-31 00:14:26][WHMCS Installer] INFO: Performing Update Action: createWeeblyWelcomeEmailTemplate []
[2017-10-31 00:14:26][WHMCS Installer] INFO: Performing Update Action: conditionallyCreateHtaccessFile []
[2017-10-31 00:14:26][WHMCS Installer] INFO: Performing Update Action: detectAndSetUriPathMode []
[2017-10-31 00:14:27][WHMCS Installer] INFO: Performing Update Action: createSslConfigurationRequiredEmailTemplate []
[2017-10-31 00:14:27][WHMCS Installer] INFO: Removing any obsolete file and directories []
[2017-10-31 00:14:27][WHMCS Installer] INFO: Applying Updates for 7.2.0-beta.1 []
[2017-10-31 00:14:27][WHMCS Installer] INFO: Removing any obsolete file and directories []
[2017-10-31 00:14:27][WHMCS Installer] INFO: Applying Updates for 7.2.0-beta.2 []
[2017-10-31 00:14:27][WHMCS Installer] INFO: Performing Update Action: addPaymentReversalChangeSettings []
[2017-10-31 00:14:27][WHMCS Installer] INFO: Removing any obsolete file and directories []
[2017-10-31 00:14:27][WHMCS Installer] INFO: Applying Updates for 7.2.0-beta.3 []
[2017-10-31 00:14:27][WHMCS Installer] INFO: Performing Update Action: addMissingDotToSubDomainProductOptions []
[2017-10-31 00:14:27][WHMCS Installer] INFO: Performing Update Action: addAddonIdFieldToModLicensingIfLicensingAddonEnabled []
[2017-10-31 00:14:27][WHMCS Installer] INFO: Performing Update Action: addAutoLinkCriteriaToMarketConnectAddons []
[2017-10-31 00:14:27][WHMCS Installer] INFO: Removing any obsolete file and directories []
[2017-10-31 00:14:28][WHMCS Installer] INFO: Applying Updates for 7.2.0-rc.1 []
[2017-10-31 00:14:28][WHMCS Installer] INFO: Performing Update Action: addSystemURLIfNotDefined []
[2017-10-31 00:14:28][WHMCS Installer] INFO: Removing any obsolete file and directories []
[2017-10-31 00:14:28][WHMCS Installer] INFO: Applying Updates for 7.2.0-release.1 []
[2017-10-31 00:14:28][WHMCS Installer] INFO: Performing Update Action: renameClientIdToUseridInTblHostingAddons []
[2017-10-31 00:14:28][WHMCS Installer] INFO: Removing any obsolete file and directories []
[2017-10-31 00:14:28][WHMCS Installer] INFO: Applying Updates for 7.2.1-release.1 []
[2017-10-31 00:14:28][WHMCS Installer] INFO: Removing any obsolete file and directories []
[2017-10-31 00:14:28][WHMCS Installer] INFO: Applying Updates for 7.2.2-release.1 []
[2017-10-31 00:14:28][WHMCS Installer] INFO: Removing any obsolete file and directories []
[2017-10-31 00:14:28][WHMCS Installer] INFO: Applying Updates for 7.2.3-release.1 []
[2017-10-31 00:14:28][WHMCS Installer] INFO: Performing Update Action: addGrTld []
[2017-10-31 00:14:28][WHMCS Installer] INFO: Removing any obsolete file and directories []
[2017-10-31 00:14:28][WHMCS Installer] INFO: Upgrade process completed. []
